[2018-01-14 01:12:56] development.ERROR: RuntimeException: The source file "D:\Xampp\htdocs\octobercms/themes/mytheme/http://www.octobercms.mv/themes/mytheme/assets/vendor/jquery.js" does not exist. in D:\Xampp\htdocs\octobercms\vendor\kriswallsmith\assetic\src\Assetic\Asset\FileAsset.php:73
Stack trace:
#0 D:\Xampp\htdocs\octobercms\vendor\kriswallsmith\assetic\src\Assetic\Asset\AssetCache.php(112): Assetic\Asset\FileAsset->getLastModified()
#1 D:\Xampp\htdocs\octobercms\vendor\kriswallsmith\assetic\src\Assetic\Factory\AssetFactory.php(255): Assetic\Asset\AssetCache->getLastModified()
#2 D:\Xampp\htdocs\octobercms\modules\system\classes\CombineAssets.php(369): Assetic\Factory\AssetFactory->getLastModified(Object(Assetic\Asset\AssetCollection))
#3 D:\Xampp\htdocs\octobercms\modules\system\classes\CombineAssets.php(182): System\Classes\CombineAssets->prepareRequest(Array, 'D:\\Xampp\\htdocs...')
#4 D:\Xampp\htdocs\octobercms\modules\cms\classes\Controller.php(1182): System\Classes\CombineAssets::combine(Array, 'D:\\Xampp\\htdocs...')
#5 D:\Xampp\htdocs\octobercms\modules\cms\twig\Extension.php(176): Cms\Classes\Controller->themeUrl(Array)
#6 D:\Xampp\htdocs\octobercms\storage\cms\twig\b4\b4fa3c2ed83edf49f0d7463f3949517950669adf59aaa1f8eeef553d3537cdc2.php(80): Cms\Twig\Extension->themeFilter(Array)
#7 D:\Xampp\htdocs\octobercms\vendor\twig\twig\lib\Twig\Template.php(389): __TwigTemplate_3c51d389016fcf7299a39aac54b63c8b670cb3616be92828ae22fcf982d060c8->doDisplay(Array, Array)
#8 D:\Xampp\htdocs\octobercms\vendor\twig\twig\lib\Twig\Template.php(366): Twig_Template->displayWithErrorHandling(Array, Array)
#9 D:\Xampp\htdocs\octobercms\vendor\twig\twig\lib\Twig\Template.php(374): Twig_Template->display(Array)
#10 D:\Xampp\htdocs\octobercms\modules\cms\classes\Controller.php(377): Twig_Template->render(Array)
#11 D:\Xampp\htdocs\octobercms\modules\cms\classes\Controller.php(213): Cms\Classes\Controller->runPage(Object(Cms\Classes\Page))
#12 D:\Xampp\htdocs\octobercms\modules\cms\classes\CmsController.php(50): Cms\Classes\Controller->run('/')
#13 [internal function]: Cms\Classes\CmsController->run('/')
#14 D:\Xampp\htdocs\octobercms\vendor\laravel\framework\src\Illuminate\Routing\Controller.php(54): call_user_func_array(Array, Array)
#15 D:\Xampp\htdocs\octobercms\vendor\laravel\framework\src\Illuminate\Routing\ControllerDispatcher.php(45): Illuminate\Routing\Controller->callAction('run', Array)
#16 D:\Xampp\htdocs\octobercms\vendor\laravel\framework\src\Illuminate\Routing\Route.php(212): Illuminate\Routing\ControllerDispatcher->dispatch(Object(Illuminate\Routing\Route), Object(Cms\Classes\CmsController), 'run')
#17 D:\Xampp\htdocs\octobercms\vendor\laravel\framework\src\Illuminate\Routing\Route.php(169): Illuminate\Routing\Route->runController()
#18 D:\Xampp\htdocs\octobercms\vendor\laravel\framework\src\Illuminate\Routing\Router.php(658): Illuminate\Routing\Route->run()
#19 D:\Xampp\htdocs\octobercms\vendor\laravel\framework\src\Illuminate\Routing\Pipeline.php(30): Illuminate\Routing\Router->Illuminate\Routing\{closure}(Object(Illuminate\Http\Request))
#20 D:\Xampp\htdocs\octobercms\vendor\laravel\framework\src\Illuminate\Routing\Middleware\SubstituteBindings.php(41): Illuminate\Routing\Pipeline->Illuminate\Routing\{closure}(Object(Illuminate\Http\Request))
#21 D:\Xampp\htdocs\octobercms\vendor\laravel\framework\src\Illuminate\Pipeline\Pipeline.php(149): Illuminate\Routing\Middleware\SubstituteBindings->handle(Object(Illuminate\Http\Request), Object(Closure))
#22 D:\Xampp\htdocs\octobercms\vendor\laravel\framework\src\Illuminate\Routing\Pipeline.php(53): Illuminate\Pipeline\Pipeline->Illuminate\Pipeline\{closure}(Object(Illuminate\Http\Request))
#23 D:\Xampp\htdocs\octobercms\vendor\laravel\framework\src\Illuminate\View\Middleware\ShareErrorsFromSession.php(49): Illuminate\Routing\Pipeline->Illuminate\Routing\{closure}(Object(Illuminate\Http\Request))
#24 D:\Xampp\htdocs\octobercms\vendor\laravel\framework\src\Illuminate\Pipeline\Pipeline.php(149): Illuminate\View\Middleware\ShareErrorsFromSession->handle(Object(Illuminate\Http\Request), Object(Closure))
#25 D:\Xampp\htdocs\octobercms\vendor\laravel\framework\src\Illuminate\Routing\Pipeline.php(53): Illuminate\Pipeline\Pipeline->Illuminate\Pipeline\{closure}(Object(Illuminate\Http\Request))
#26 D:\Xampp\htdocs\octobercms\vendor\laravel\framework\src\Illuminate\Session\Middleware\StartSession.php(63): Illuminate\Routing\Pipeline->Illuminate\Routing\{closure}(Object(Illuminate\Http\Request))
#27 D:\Xampp\htdocs\octobercms\vendor\laravel\framework\src\Illuminate\Pipeline\Pipeline.php(149): Illuminate\Session\Middleware\StartSession->handle(Object(Illuminate\Http\Request), Object(Closure))
#28 D:\Xampp\htdocs\octobercms\vendor\laravel\framework\src\Illuminate\Routing\Pipeline.php(53): Illuminate\Pipeline\Pipeline->Illuminate\Pipeline\{closure}(Object(Illuminate\Http\Request))
#29 D:\Xampp\htdocs\octobercms\vendor\laravel\framework\src\Illuminate\Cookie\Middleware\AddQueuedCookiesToResponse.php(37): Illuminate\Routing\Pipeline->Illuminate\Routing\{closure}(Object(Illuminate\Http\Request))
#30 D:\Xampp\htdocs\octobercms\vendor\laravel\framework\src\Illuminate\Pipeline\Pipeline.php(149): Illuminate\Cookie\Middleware\AddQueuedCookiesToResponse->handle(Object(Illuminate\Http\Request), Object(Closure))
#31 D:\Xampp\htdocs\octobercms\vendor\laravel\framework\src\Illuminate\Routing\Pipeline.php(53): Illuminate\Pipeline\Pipeline->Illuminate\Pipeline\{closure}(Object(Illuminate\Http\Request))
#32 D:\Xampp\htdocs\octobercms\vendor\laravel\framework\src\Illuminate\Cookie\Middleware\EncryptCookies.php(59): Illuminate\Routing\Pipeline->Illuminate\Routing\{closure}(Object(Illuminate\Http\Request))
#33 D:\Xampp\htdocs\octobercms\vendor\laravel\framework\src\Illuminate\Pipeline\Pipeline.php(149): Illuminate\Cookie\Middleware\EncryptCookies->handle(Object(Illuminate\Http\Request), Object(Closure))
#34 D:\Xampp\htdocs\octobercms\vendor\laravel\framework\src\Illuminate\Routing\Pipeline.php(53): Illuminate\Pipeline\Pipeline->Illuminate\Pipeline\{closure}(Object(Illuminate\Http\Request))
#35 D:\Xampp\htdocs\octobercms\vendor\laravel\framework\src\Illuminate\Pipeline\Pipeline.php(102): Illuminate\Routing\Pipeline->Illuminate\Routing\{closure}(Object(Illuminate\Http\Request))
#36 D:\Xampp\htdocs\octobercms\vendor\laravel\framework\src\Illuminate\Routing\Router.php(660): Illuminate\Pipeline\Pipeline->then(Object(Closure))
#37 D:\Xampp\htdocs\octobercms\vendor\laravel\framework\src\Illuminate\Routing\Router.php(635): Illuminate\Routing\Router->runRouteWithinStack(Object(Illuminate\Routing\Route), Object(Illuminate\Http\Request))
#38 D:\Xampp\htdocs\octobercms\vendor\laravel\framework\src\Illuminate\Routing\Router.php(601): Illuminate\Routing\Router->runRoute(Object(Illuminate\Http\Request), Object(Illuminate\Routing\Route))
#39 D:\Xampp\htdocs\octobercms\vendor\october\rain\src\Router\CoreRouter.php(20): Illuminate\Routing\Router->dispatchToRoute(Object(Illuminate\Http\Request))
#40 D:\Xampp\htdocs\octobercms\vendor\laravel\framework\src\Illuminate\Foundation\Http\Kernel.php(176): October\Rain\Router\CoreRouter->dispatch(Object(Illuminate\Http\Request))
#41 D:\Xampp\htdocs\octobercms\vendor\laravel\framework\src\Illuminate\Routing\Pipeline.php(30): Illuminate\Foundation\Http\Kernel->Illuminate\Foundation\Http\{closure}(Object(Illuminate\Http\Request))
#42 D:\Xampp\htdocs\octobercms\vendor\laravel\framework\src\Illuminate\Foundation\Http\Middleware\CheckForMaintenanceMode.php(46): Illuminate\Routing\Pipeline->Illuminate\Routing\{closure}(Object(Illuminate\Http\Request))
#43 D:\Xampp\htdocs\octobercms\vendor\laravel\framework\src\Illuminate\Pipeline\Pipeline.php(149): Illuminate\Foundation\Http\Middleware\CheckForMaintenanceMode->handle(Object(Illuminate\Http\Request), Object(Closure))
#44 D:\Xampp\htdocs\octobercms\vendor\laravel\framework\src\Illuminate\Routing\Pipeline.php(53): Illuminate\Pipeline\Pipeline->Illuminate\Pipeline\{closure}(Object(Illuminate\Http\Request))
#45 D:\Xampp\htdocs\octobercms\vendor\laravel\framework\src\Illuminate\Pipeline\Pipeline.php(102): Illuminate\Routing\Pipeline->Illuminate\Routing\{closure}(Object(Illuminate\Http\Request))
#46 D:\Xampp\htdocs\octobercms\vendor\laravel\framework\src\Illuminate\Foundation\Http\Kernel.php(151): Illuminate\Pipeline\Pipeline->then(Object(Closure))
#47 D:\Xampp\htdocs\octobercms\vendor\laravel\framework\src\Illuminate\Foundation\Http\Kernel.php(116): Illuminate\Foundation\Http\Kernel->sendRequestThroughRouter(Object(Illuminate\Http\Request))
#48 D:\Xampp\htdocs\octobercms\index.php(43): Illuminate\Foundation\Http\Kernel->handle(Object(Illuminate\Http\Request))
#49 {main}

Next Twig_Error_Runtime: An exception has been thrown during the rendering of a template ("The source file "D:\Xampp\htdocs\octobercms/themes/mytheme/http://www.octobercms.mv/themes/mytheme/assets/vendor/jquery.js" does not exist.") in "D:\Xampp\htdocs\octobercms/themes/mytheme/layouts/default.htm" at line 33. in D:\Xampp\htdocs\octobercms\vendor\twig\twig\lib\Twig\Template.php:404
Stack trace:
#0 D:\Xampp\htdocs\octobercms\vendor\twig\twig\lib\Twig\Template.php(366): Twig_Template->displayWithErrorHandling(Array, Array)
#1 D:\Xampp\htdocs\octobercms\vendor\twig\twig\lib\Twig\Template.php(374): Twig_Template->display(Array)
#2 D:\Xampp\htdocs\octobercms\modules\cms\classes\Controller.php(377): Twig_Template->render(Array)
#3 D:\Xampp\htdocs\octobercms\modules\cms\classes\Controller.php(213): Cms\Classes\Controller->runPage(Object(Cms\Classes\Page))
#4 D:\Xampp\htdocs\octobercms\modules\cms\classes\CmsController.php(50): Cms\Classes\Controller->run('/')
#5 [internal function]: Cms\Classes\CmsController->run('/')
#6 D:\Xampp\htdocs\octobercms\vendor\laravel\framework\src\Illuminate\Routing\Controller.php(54): call_user_func_array(Array, Array)
#7 D:\Xampp\htdocs\octobercms\vendor\laravel\framework\src\Illuminate\Routing\ControllerDispatcher.php(45): Illuminate\Routing\Controller->callAction('run', Array)
#8 D:\Xampp\htdocs\octobercms\vendor\laravel\framework\src\Illuminate\Routing\Route.php(212): Illuminate\Routing\ControllerDispatcher->dispatch(Object(Illuminate\Routing\Route), Object(Cms\Classes\CmsController), 'run')
#9 D:\Xampp\htdocs\octobercms\vendor\laravel\framework\src\Illuminate\Routing\Route.php(169): Illuminate\Routing\Route->runController()
#10 D:\Xampp\htdocs\octobercms\vendor\laravel\framework\src\Illuminate\Routing\Router.php(658): Illuminate\Routing\Route->run()
#11 D:\Xampp\htdocs\octobercms\vendor\laravel\framework\src\Illuminate\Routing\Pipeline.php(30): Illuminate\Routing\Router->Illuminate\Routing\{closure}(Object(Illuminate\Http\Request))
#12 D:\Xampp\htdocs\octobercms\vendor\laravel\framework\src\Illuminate\Routing\Middleware\SubstituteBindings.php(41): Illuminate\Routing\Pipeline->Illuminate\Routing\{closure}(Object(Illuminate\Http\Request))
#13 D:\Xampp\htdocs\octobercms\vendor\laravel\framework\src\Illuminate\Pipeline\Pipeline.php(149): Illuminate\Routing\Middleware\SubstituteBindings->handle(Object(Illuminate\Http\Request), Object(Closure))
#14 D:\Xampp\htdocs\octobercms\vendor\laravel\framework\src\Illuminate\Routing\Pipeline.php(53): Illuminate\Pipeline\Pipeline->Illuminate\Pipeline\{closure}(Object(Illuminate\Http\Request))
#15 D:\Xampp\htdocs\octobercms\vendor\laravel\framework\src\Illuminate\View\Middleware\ShareErrorsFromSession.php(49): Illuminate\Routing\Pipeline->Illuminate\Routing\{closure}(Object(Illuminate\Http\Request))
#16 D:\Xampp\htdocs\octobercms\vendor\laravel\framework\src\Illuminate\Pipeline\Pipeline.php(149): Illuminate\View\Middleware\ShareErrorsFromSession->handle(Object(Illuminate\Http\Request), Object(Closure))
#17 D:\Xampp\htdocs\octobercms\vendor\laravel\framework\src\Illuminate\Routing\Pipeline.php(53): Illuminate\Pipeline\Pipeline->Illuminate\Pipeline\{closure}(Object(Illuminate\Http\Request))
#18 D:\Xampp\htdocs\octobercms\vendor\laravel\framework\src\Illuminate\Session\Middleware\StartSession.php(63): Illuminate\Routing\Pipeline->Illuminate\Routing\{closure}(Object(Illuminate\Http\Request))
#19 D:\Xampp\htdocs\octobercms\vendor\laravel\framework\src\Illuminate\Pipeline\Pipeline.php(149): Illuminate\Session\Middleware\StartSession->handle(Object(Illuminate\Http\Request), Object(Closure))
#20 D:\Xampp\htdocs\octobercms\vendor\laravel\framework\src\Illuminate\Routing\Pipeline.php(53): Illuminate\Pipeline\Pipeline->Illuminate\Pipeline\{closure}(Object(Illuminate\Http\Request))
#21 D:\Xampp\htdocs\octobercms\vendor\laravel\framework\src\Illuminate\Cookie\Middleware\AddQueuedCookiesToResponse.php(37): Illuminate\Routing\Pipeline->Illuminate\Routing\{closure}(Object(Illuminate\Http\Request))
#22 D:\Xampp\htdocs\octobercms\vendor\laravel\framework\src\Illuminate\Pipeline\Pipeline.php(149): Illuminate\Cookie\Middleware\AddQueuedCookiesToResponse->handle(Object(Illuminate\Http\Request), Object(Closure))
#23 D:\Xampp\htdocs\octobercms\vendor\laravel\framework\src\Illuminate\Routing\Pipeline.php(53): Illuminate\Pipeline\Pipeline->Illuminate\Pipeline\{closure}(Object(Illuminate\Http\Request))
#24 D:\Xampp\htdocs\octobercms\vendor\laravel\framework\src\Illuminate\Cookie\Middleware\EncryptCookies.php(59): Illuminate\Routing\Pipeline->Illuminate\Routing\{closure}(Object(Illuminate\Http\Request))
#25 D:\Xampp\htdocs\octobercms\vendor\laravel\framework\src\Illuminate\Pipeline\Pipeline.php(149): Illuminate\Cookie\Middleware\EncryptCookies->handle(Object(Illuminate\Http\Request), Object(Closure))
#26 D:\Xampp\htdocs\octobercms\vendor\laravel\framework\src\Illuminate\Routing\Pipeline.php(53): Illuminate\Pipeline\Pipeline->Illuminate\Pipeline\{closure}(Object(Illuminate\Http\Request))
#27 D:\Xampp\htdocs\octobercms\vendor\laravel\framework\src\Illuminate\Pipeline\Pipeline.php(102): Illuminate\Routing\Pipeline->Illuminate\Routing\{closure}(Object(Illuminate\Http\Request))
#28 D:\Xampp\htdocs\octobercms\vendor\laravel\framework\src\Illuminate\Routing\Router.php(660): Illuminate\Pipeline\Pipeline->then(Object(Closure))
#29 D:\Xampp\htdocs\octobercms\vendor\laravel\framework\src\Illuminate\Routing\Router.php(635): Illuminate\Routing\Router->runRouteWithinStack(Object(Illuminate\Routing\Route), Object(Illuminate\Http\Request))
#30 D:\Xampp\htdocs\octobercms\vendor\laravel\framework\src\Illuminate\Routing\Router.php(601): Illuminate\Routing\Router->runRoute(Object(Illuminate\Http\Request), Object(Illuminate\Routing\Route))
#31 D:\Xampp\htdocs\octobercms\vendor\october\rain\src\Router\CoreRouter.php(20): Illuminate\Routing\Router->dispatchToRoute(Object(Illuminate\Http\Request))
#32 D:\Xampp\htdocs\octobercms\vendor\laravel\framework\src\Illuminate\Foundation\Http\Kernel.php(176): October\Rain\Router\CoreRouter->dispatch(Object(Illuminate\Http\Request))
#33 D:\Xampp\htdocs\octobercms\vendor\laravel\framework\src\Illuminate\Routing\Pipeline.php(30): Illuminate\Foundation\Http\Kernel->Illuminate\Foundation\Http\{closure}(Object(Illuminate\Http\Request))
#34 D:\Xampp\htdocs\octobercms\vendor\laravel\framework\src\Illuminate\Foundation\Http\Middleware\CheckForMaintenanceMode.php(46): Illuminate\Routing\Pipeline->Illuminate\Routing\{closure}(Object(Illuminate\Http\Request))
#35 D:\Xampp\htdocs\octobercms\vendor\laravel\framework\src\Illuminate\Pipeline\Pipeline.php(149): Illuminate\Foundation\Http\Middleware\CheckForMaintenanceMode->handle(Object(Illuminate\Http\Request), Object(Closure))
#36 D:\Xampp\htdocs\octobercms\vendor\laravel\framework\src\Illuminate\Routing\Pipeline.php(53): Illuminate\Pipeline\Pipeline->Illuminate\Pipeline\{closure}(Object(Illuminate\Http\Request))
#37 D:\Xampp\htdocs\octobercms\vendor\laravel\framework\src\Illuminate\Pipeline\Pipeline.php(102): Illuminate\Routing\Pipeline->Illuminate\Routing\{closure}(Object(Illuminate\Http\Request))
#38 D:\Xampp\htdocs\octobercms\vendor\laravel\framework\src\Illuminate\Foundation\Http\Kernel.php(151): Illuminate\Pipeline\Pipeline->then(Object(Closure))
#39 D:\Xampp\htdocs\octobercms\vendor\laravel\framework\src\Illuminate\Foundation\Http\Kernel.php(116): Illuminate\Foundation\Http\Kernel->sendRequestThroughRouter(Object(Illuminate\Http\Request))
#40 D:\Xampp\htdocs\octobercms\index.php(43): Illuminate\Foundation\Http\Kernel->handle(Object(Illuminate\Http\Request))
#41 {main}  
